<?xml version="1.0" encoding="utf-8"?>
<shfbBuild product="Sandcastle Help File Builder and Tools" version="2019.6.24.0" projectFile="Y:\xamarin-client-sdk\docs\project.shfbproj" started="9/13/2019 6:14:15 PM">
<buildStep step="Initializing">
Finding tools...
The Sandcastle tools are located in &#39;C:\Program Files (x86)\EWSoftware\Sandcastle Help File Builder\&#39;
Locating components in the following folder(s):
    Y:\xamarin-client-sdk\docs
    C:\ProgramData\EWSoftware\Sandcastle Help File Builder\Components and Plug-Ins\
    C:\Program Files (x86)\EWSoftware\Sandcastle Help File Builder\
Using framework reflection data for &#39;.NET Framework 4.5&#39; located in &#39;C:\Program Files (x86)\EWSoftware\Sandcastle Help File Builder\Data\.NETFramework&#39;
Using presentation style &#39;VS2013&#39; located in &#39;C:\Program Files (x86)\EWSoftware\Sandcastle Help File Builder\PresentationStyles\VS2013&#39;
Loading and initializing plug-ins...
Lightweight Website Style Version 2019.6.24.0
Copyright &#169; 2006-2019, Eric Woodruff, All Rights Reserved
Portions Copyright &#169; 2014, Sam Harwell, All Rights Reserved
-------------------------------
Clearing any prior web/markdown output...
</buildStep>
<buildStep step="ValidatingDocumentationSources">
Validating and copying documentation source information
Source: Y:\xamarin-client-sdk\src\LaunchDarkly.XamarinSdk\bin\Debug\netstandard2.0\LaunchDarkly.XamarinSdk.xml
Source: Y:\xamarin-client-sdk\src\LaunchDarkly.XamarinSdk\bin\Debug\netstandard2.0\LaunchDarkly.XamarinSdk.dll
    Found assembly &#39;Y:\xamarin-client-sdk\src\LaunchDarkly.XamarinSdk\bin\Debug\netstandard2.0\LaunchDarkly.XamarinSdk.dll&#39;
Source: Y:\xamarin-client-sdk\src\LaunchDarkly.XamarinSdk\bin\Debug\netstandard2.0\LaunchDarkly.CommonSdk.xml
Source: Y:\xamarin-client-sdk\src\LaunchDarkly.XamarinSdk\bin\Debug\netstandard2.0\LaunchDarkly.CommonSdk.dll
    Found assembly &#39;Y:\xamarin-client-sdk\src\LaunchDarkly.XamarinSdk\bin\Debug\netstandard2.0\LaunchDarkly.CommonSdk.dll&#39;

References to include:
    Common.Logging
    Common.Logging.Core
    LaunchDarkly.Cache
    LaunchDarkly.EventSource
    Newtonsoft.Json

Copying XML comments files
    Y:\xamarin-client-sdk\src\LaunchDarkly.XamarinSdk\bin\Debug\netstandard2.0\LaunchDarkly.XamarinSdk.xml -&gt; Y:\xamarin-client-sdk\docs\build\html\Working\LaunchDarkly.XamarinSdk.xml
    Y:\xamarin-client-sdk\src\LaunchDarkly.XamarinSdk\bin\Debug\netstandard2.0\LaunchDarkly.CommonSdk.xml -&gt; Y:\xamarin-client-sdk\docs\build\html\Working\LaunchDarkly.CommonSdk.xml
</buildStep>
<buildStep step="GenerateSharedContent">
Generating shared content files (en-US, English (United States))...
<plugIn name="Lightweight Website Style" behavior="After" priority="1000">
</plugIn>    Last step completed in 00:00:00.0290
</buildStep>
<buildStep step="GenerateApiFilter">
Generating API filter for MRefBuilder...
    Last step completed in 00:00:00.0120
</buildStep>
<buildStep step="GenerateReflectionInfo">
Generating reflection information...
[C:\Program Files (x86)\Microsoft Visual Studio\2017\Professional\MSBuild\15.0\bin\MSBuild.exe - GenerateRefInfo.proj]
Build started 9/13/2019 6:14:17 PM.
Project &quot;Y:\xamarin-client-sdk\docs\build\html\Working\GenerateRefInfo.proj&quot; on node 1 (default targets).
PrepareForBuild:
  Creating directory &quot;obj\Debug\&quot;.
GenerateRefInfo:
  MRefBuilder (v2019.6.24.0)
  Copyright c 2006-2019, Microsoft Corporation, All Rights Reserved.
  Portions Copyright c 2006-2019, Eric Woodruff, All Rights Reserved.
  No source code context base path specified.  Source context information is unavailable.
  Loaded 2 assemblies for reflection and 55 dependency assemblies.
  Wrote information on 2 namespaces, 28 types, and 249 members
  Copying file from &quot;reflection.org&quot; to &quot;reflection.all&quot;.
  XslTransform (v2019.6.24.0)
  Copyright c 2006-2019, Microsoft Corporation, All Rights Reserved.
  Portions Copyright c 2006-2019, Eric Woodruff, All Rights Reserved.
  Applying XSL transformation &#39;C:\Program Files (x86)\EWSoftware\Sandcastle Help File Builder\ProductionTransforms\MergeDuplicates.xsl&#39;.
Done Building Project &quot;Y:\xamarin-client-sdk\docs\build\html\Working\GenerateRefInfo.proj&quot; (default targets).
    Last step completed in 00:00:01.4320
</buildStep>
<buildStep step="TransformReflectionInfo">
Transforming reflection output...
[C:\Program Files (x86)\Microsoft Visual Studio\2017\Professional\MSBuild\15.0\bin\MSBuild.exe - TransformManifest.proj]
Build started 9/13/2019 6:14:18 PM.
Project &quot;Y:\xamarin-client-sdk\docs\build\html\Working\TransformManifest.proj&quot; on node 1 (default targets).
TransformManifest:
  XslTransform (v2019.6.24.0)
  Copyright c 2006-2019, Microsoft Corporation, All Rights Reserved.
  Portions Copyright c 2006-2019, Eric Woodruff, All Rights Reserved.
  Applying XSL transformation &#39;C:\Program Files (x86)\EWSoftware\Sandcastle Help File Builder\\ProductionTransforms\ApplyVSDocModel.xsl&#39;.
  Copying file from &quot;reflection.xml&quot; to &quot;reflection.nofilenames&quot;.
  XslTransform (v2019.6.24.0)
  Copyright c 2006-2019, Microsoft Corporation, All Rights Reserved.
  Portions Copyright c 2006-2019, Eric Woodruff, All Rights Reserved.
  Applying XSL transformation &#39;C:\Program Files (x86)\EWSoftware\Sandcastle Help File Builder\ProductionTransforms\AddFilenames.xsl&#39;.
    Unique name M_LaunchDarkly_Client_IUserBuilder_Custom_1 generated for M:LaunchDarkly.Client.IUserBuilder.Custom(System.String,System.Boolean)
    Unique name M_LaunchDarkly_Client_IUserBuilder_Custom_2 generated for M:LaunchDarkly.Client.IUserBuilder.Custom(System.String,System.Int32)
    Unique name M_LaunchDarkly_Client_IUserBuilder_Custom_3 generated for M:LaunchDarkly.Client.IUserBuilder.Custom(System.String,System.Single)
    Unique name M_LaunchDarkly_Client_IUserBuilder_Custom_4 generated for M:LaunchDarkly.Client.IUserBuilder.Custom(System.String,System.String)
    Unique name M_LaunchDarkly_Client_LdValue_Equals_1 generated for M:LaunchDarkly.Client.LdValue.Equals(System.Object)
    Unique name M_LaunchDarkly_Client_LdValue_Of_1 generated for M:LaunchDarkly.Client.LdValue.Of(System.Double)
    Unique name M_LaunchDarkly_Client_LdValue_Of_2 generated for M:LaunchDarkly.Client.LdValue.Of(System.Int32)
    Unique name M_LaunchDarkly_Client_LdValue_Of_3 generated for M:LaunchDarkly.Client.LdValue.Of(System.Int64)
    Unique name M_LaunchDarkly_Client_LdValue_Of_4 generated for M:LaunchDarkly.Client.LdValue.Of(System.Single)
    Unique name M_LaunchDarkly_Client_LdValue_Of_5 generated for M:LaunchDarkly.Client.LdValue.Of(System.String)
    Unique name M_LaunchDarkly_Client_User_Builder_1 generated for M:LaunchDarkly.Client.User.Builder(System.String)
    Unique name M_LaunchDarkly_Client_User_Equals_1 generated for M:LaunchDarkly.Client.User.Equals(System.Object)
    Unique name M_LaunchDarkly_Xamarin_Configuration_Builder_1 generated for M:LaunchDarkly.Xamarin.Configuration.Builder(System.String)
    Unique name M_LaunchDarkly_Xamarin_ILdClient_Track_1 generated for M:LaunchDarkly.Xamarin.ILdClient.Track(System.String,LaunchDarkly.Client.LdValue)
    Unique name M_LaunchDarkly_Xamarin_LdClient_Init_1 generated for M:LaunchDarkly.Xamarin.LdClient.Init(System.String,LaunchDarkly.Client.User,System.TimeSpan)
    Unique name M_LaunchDarkly_Xamarin_LdClient_InitAsync_1 generated for M:LaunchDarkly.Xamarin.LdClient.InitAsync(System.String,LaunchDarkly.Client.User)
    Unique name M_LaunchDarkly_Xamarin_LdClient_Track_1 generated for M:LaunchDarkly.Xamarin.LdClient.Track(System.String,LaunchDarkly.Client.LdValue)
  XslTransform (v2019.6.24.0)
  Copyright c 2006-2019, Microsoft Corporation, All Rights Reserved.
  Portions Copyright c 2006-2019, Eric Woodruff, All Rights Reserved.
  Applying XSL transformation &#39;C:\Program Files (x86)\EWSoftware\Sandcastle Help File Builder\ProductionTransforms\ReflectionToManifest.xsl&#39;.
Done Building Project &quot;Y:\xamarin-client-sdk\docs\build\html\Working\TransformManifest.proj&quot; (default targets).
    Last step completed in 00:00:00.7500
</buildStep>
<buildStep step="GenerateNamespaceSummaries">
Generating namespace summary information...
    Last step completed in 00:00:00.0380
</buildStep>
<buildStep step="GenerateInheritedDocumentation">
Generating inherited documentation...
[C:\Program Files (x86)\Microsoft Visual Studio\2017\Professional\MSBuild\15.0\bin\MSBuild.exe - GenerateInheritedDocs.proj]
Sandcastle Help File Builder and Tools, version 2019.6.24.0
Copyright c 2006-2019, Eric Woodruff, All Rights Reserved
E-Mail: Eric@EWoodruff.us

Reflection information will be retrieved from &#39;reflection.xml&#39;
Inherited documentation will be written to &#39;_InheritedDocs_.xml&#39;
Indexing C:\Program Files (x86)\Reference Assemblies\Microsoft\Framework\.NETFramework\v4.5\*.xml
Indexing Y:\xamarin-client-sdk\docs\build\html\Working\LaunchDarkly.XamarinSdk.xml
Indexing Y:\xamarin-client-sdk\docs\build\html\Working\LaunchDarkly.CommonSdk.xml
Indexed 157983 members in 122 file(s).  2 file(s) to scan for &lt;inheritdoc /&gt; tags.
Merging inherited documentation...


Documentation merged successfully
    Last step completed in 00:00:01.9740
</buildStep>
<buildStep step="CopyAdditionalContent">
Copying additional content files...
No additional content to copy
    Last step completed in 00:00:00.0040
</buildStep>
<buildStep step="MergeTablesOfContents">
Merging conceptual and additional tables of contents...
    Last step completed in 00:00:00.0010
</buildStep>
<buildStep step="GenerateIntermediateTableOfContents">
Generating intermediate table of contents file...
[C:\Program Files (x86)\Microsoft Visual Studio\2017\Professional\MSBuild\15.0\bin\MSBuild.exe - GenerateIntermediateTOC.proj]
Build started 9/13/2019 6:14:21 PM.
Project &quot;Y:\xamarin-client-sdk\docs\build\html\Working\GenerateIntermediateTOC.proj&quot; on node 1 (default targets).
GenerateIntermediateTOC:
  XslTransform (v2019.6.24.0)
  Copyright c 2006-2019, Microsoft Corporation, All Rights Reserved.
  Portions Copyright c 2006-2019, Eric Woodruff, All Rights Reserved.
  Applying XSL transformation &#39;C:\Program Files (x86)\EWSoftware\Sandcastle Help File Builder\\ProductionTransforms\CreateVSToc.xsl&#39;.
Done Building Project &quot;Y:\xamarin-client-sdk\docs\build\html\Working\GenerateIntermediateTOC.proj&quot; (default targets).
Generating conceptual content intermediate TOC file...
    Last step completed in 00:00:00.3240
</buildStep>
<buildStep step="CreateBuildAssemblerConfigs">
Creating Sandcastle configuration files...
    sandcastle.config
    Last step completed in 00:00:00.2120
</buildStep>
<buildStep step="MergeCustomConfigs">
Merging custom build component configurations
Y:\xamarin-client-sdk\docs\build\html\Working\sandcastle.config
  Updating reference topic configurations.
  No conceptual content.  Removing conceptual content components.
    Last step completed in 00:00:00.0120
</buildStep>
<buildStep step="BuildTopics">
Building help topics...
[C:\Program Files (x86)\Microsoft Visual Studio\2017\Professional\MSBuild\15.0\bin\MSBuild.exe - BuildTopics.proj]
Build started 9/13/2019 6:14:22 PM.
Project &quot;Y:\xamarin-client-sdk\docs\build\html\Working\BuildTopics.proj&quot; on node 1 (default targets).
BuildTopics:
  BuildAssembler (v2019.6.24.0)
  Copyright c 2006-2019, Microsoft Corporation, All Rights Reserved.
  Portions Copyright c 2006-2019, Eric Woodruff, All Rights Reserved.
  Loading configuration...
  Processing topics...
BuildAssembler : warning : ShowMissingComponent: [M:LaunchDarkly.Client.EvaluationReason.PrerequisiteFailed.Equals(System.Object)] Missing &lt;summary&gt; documentation [Y:\xamarin-client-sdk\docs\build\html\Working\BuildTopics.proj]
BuildAssembler : warning : ShowMissingComponent: [M:LaunchDarkly.Client.EvaluationReason.PrerequisiteFailed.Equals(System.Object)] Missing &lt;returns&gt; documentation [Y:\xamarin-client-sdk\docs\build\html\Working\BuildTopics.proj]
BuildAssembler : warning : ShowMissingComponent: [M:LaunchDarkly.Client.EvaluationReason.PrerequisiteFailed.Equals(System.Object)] Missing &lt;param name=&quot;obj&quot;/&gt; documentation [Y:\xamarin-client-sdk\docs\build\html\Working\BuildTopics.proj]
BuildAssembler : warning : ShowMissingComponent: [M:LaunchDarkly.Client.EvaluationReason.PrerequisiteFailed.GetHashCode] Missing &lt;summary&gt; documentation [Y:\xamarin-client-sdk\docs\build\html\Working\BuildTopics.proj]
BuildAssembler : warning : ShowMissingComponent: [M:LaunchDarkly.Client.EvaluationReason.PrerequisiteFailed.GetHashCode] Missing &lt;returns&gt; documentation [Y:\xamarin-client-sdk\docs\build\html\Working\BuildTopics.proj]
BuildAssembler : warning : ShowMissingComponent: [M:LaunchDarkly.Client.EvaluationReason.PrerequisiteFailed.ToString] Missing &lt;summary&gt; documentation [Y:\xamarin-client-sdk\docs\build\html\Working\BuildTopics.proj]
BuildAssembler : warning : ShowMissingComponent: [M:LaunchDarkly.Client.EvaluationReason.PrerequisiteFailed.ToString] Missing &lt;returns&gt; documentation [Y:\xamarin-client-sdk\docs\build\html\Working\BuildTopics.proj]
BuildAssembler : warning : ShowMissingComponent: [M:LaunchDarkly.Client.EvaluationReason.RuleMatch.Equals(System.Object)] Missing &lt;summary&gt; documentation [Y:\xamarin-client-sdk\docs\build\html\Working\BuildTopics.proj]
BuildAssembler : warning : ShowMissingComponent: [M:LaunchDarkly.Client.EvaluationReason.RuleMatch.Equals(System.Object)] Missing &lt;returns&gt; documentation [Y:\xamarin-client-sdk\docs\build\html\Working\BuildTopics.proj]
BuildAssembler : warning : ShowMissingComponent: [M:LaunchDarkly.Client.EvaluationReason.RuleMatch.Equals(System.Object)] Missing &lt;param name=&quot;obj&quot;/&gt; documentation [Y:\xamarin-client-sdk\docs\build\html\Working\BuildTopics.proj]
BuildAssembler : warning : ShowMissingComponent: [M:LaunchDarkly.Client.EvaluationReason.RuleMatch.GetHashCode] Missing &lt;summary&gt; documentation [Y:\xamarin-client-sdk\docs\build\html\Working\BuildTopics.proj]
BuildAssembler : warning : ShowMissingComponent: [M:LaunchDarkly.Client.EvaluationReason.RuleMatch.GetHashCode] Missing &lt;returns&gt; documentation [Y:\xamarin-client-sdk\docs\build\html\Working\BuildTopics.proj]
BuildAssembler : warning : ShowMissingComponent: [M:LaunchDarkly.Client.EvaluationReason.RuleMatch.ToString] Missing &lt;summary&gt; documentation [Y:\xamarin-client-sdk\docs\build\html\Working\BuildTopics.proj]
BuildAssembler : warning : ShowMissingComponent: [M:LaunchDarkly.Client.EvaluationReason.RuleMatch.ToString] Missing &lt;returns&gt; documentation [Y:\xamarin-client-sdk\docs\build\html\Working\BuildTopics.proj]
BuildAssembler : warning : ShowMissingComponent: [M:LaunchDarkly.Client.LdValue.AsDictionary``1(LaunchDarkly.Client.LdValue.Converter{``0})] Missing &lt;typeparam name=&quot;T&quot;/&gt; documentation [Y:\xamarin-client-sdk\docs\build\html\Working\BuildTopics.proj]
BuildAssembler : warning : ShowMissingComponent: [M:LaunchDarkly.Client.LdValue.AsDictionary``1(LaunchDarkly.Client.LdValue.Converter{``0})] Missing &lt;param name=&quot;desiredType&quot;/&gt; documentation [Y:\xamarin-client-sdk\docs\build\html\Working\BuildTopics.proj]
BuildAssembler : warning : ResolveReferenceLinksComponent: [P:LaunchDarkly.Client.LdValue.AsInt] Unknown reference link target &#39;N:Newtonsoft.Json&#39;. [Y:\xamarin-client-sdk\docs\build\html\Working\BuildTopics.proj]
BuildAssembler : warning : ShowMissingComponent: [M:LaunchDarkly.Client.LdValue.AsList``1(LaunchDarkly.Client.LdValue.Converter{``0})] Missing &lt;param name=&quot;desiredType&quot;/&gt; documentation [Y:\xamarin-client-sdk\docs\build\html\Working\BuildTopics.proj]
BuildAssembler : warning : ResolveReferenceLinksComponent: [P:LaunchDarkly.Client.LdValue.AsLong] Unknown reference link target &#39;N:Newtonsoft.Json&#39;. [Y:\xamarin-client-sdk\docs\build\html\Working\BuildTopics.proj]
BuildAssembler : warning : ShowMissingComponent: [M:LaunchDarkly.Client.LdValue.Equals(LaunchDarkly.Client.LdValue)] Missing &lt;returns&gt; documentation [Y:\xamarin-client-sdk\docs\build\html\Working\BuildTopics.proj]
BuildAssembler : warning : ShowMissingComponent: [M:LaunchDarkly.Client.LdValue.Equals(LaunchDarkly.Client.LdValue)] Missing &lt;param name=&quot;o&quot;/&gt; documentation [Y:\xamarin-client-sdk\docs\build\html\Working\BuildTopics.proj]
BuildAssembler : warning : ShowMissingComponent: [M:LaunchDarkly.Client.LdValue.Equals(System.Object)] Missing &lt;returns&gt; documentation [Y:\xamarin-client-sdk\docs\build\html\Working\BuildTopics.proj]
BuildAssembler : warning : ShowMissingComponent: [M:LaunchDarkly.Client.LdValue.Equals(System.Object)] Missing &lt;param name=&quot;o&quot;/&gt; documentation [Y:\xamarin-client-sdk\docs\build\html\Working\BuildTopics.proj]
BuildAssembler : warning : ShowMissingComponent: [M:LaunchDarkly.Client.User.#ctor(System.String,System.String,System.String,System.String,System.String,System.String,System.String,System.String,System.String,System.Nullable{System.Boolean},System.Collections.Immutable.ImmutableDictionary{System.String,LaunchDarkly.Client.LdValue},System.Collections.Immutable.ImmutableHashSet{System.String})] Missing &lt;param name=&quot;key&quot;/&gt; documentation [Y:\xamarin-client-sdk\docs\build\html\Working\BuildTopics.proj]
BuildAssembler : warning : ShowMissingComponent: [M:LaunchDarkly.Client.User.#ctor(System.String,System.String,System.String,System.String,System.String,System.String,System.String,System.String,System.String,System.Nullable{System.Boolean},System.Collections.Immutable.ImmutableDictionary{System.String,LaunchDarkly.Client.LdValue},System.Collections.Immutable.ImmutableHashSet{System.String})] Missing &lt;param name=&quot;secondaryKey&quot;/&gt; documentation [Y:\xamarin-client-sdk\docs\build\html\Working\BuildTopics.proj]
BuildAssembler : warning : ShowMissingComponent: [M:LaunchDarkly.Client.User.#ctor(System.String,System.String,System.String,System.String,System.String,System.String,System.String,System.String,System.String,System.Nullable{System.Boolean},System.Collections.Immutable.ImmutableDictionary{System.String,LaunchDarkly.Client.LdValue},System.Collections.Immutable.ImmutableHashSet{System.String})] Missing &lt;param name=&quot;ip&quot;/&gt; documentation [Y:\xamarin-client-sdk\docs\build\html\Working\BuildTopics.proj]
BuildAssembler : warning : ShowMissingComponent: [M:LaunchDarkly.Client.User.#ctor(System.String,System.String,System.String,System.String,System.String,System.String,System.String,System.String,System.String,System.Nullable{System.Boolean},System.Collections.Immutable.ImmutableDictionary{System.String,LaunchDarkly.Client.LdValue},System.Collections.Immutable.ImmutableHashSet{System.String})] Missing &lt;param name=&quot;country&quot;/&gt; documentation [Y:\xamarin-client-sdk\docs\build\html\Working\BuildTopics.proj]
BuildAssembler : warning : ShowMissingComponent: [M:LaunchDarkly.Client.User.#ctor(System.String,System.String,System.String,System.String,System.String,System.String,System.String,System.String,System.String,System.Nullable{System.Boolean},System.Collections.Immutable.ImmutableDictionary{System.String,LaunchDarkly.Client.LdValue},System.Collections.Immutable.ImmutableHashSet{System.String})] Missing &lt;param name=&quot;firstName&quot;/&gt; documentation [Y:\xamarin-client-sdk\docs\build\html\Working\BuildTopics.proj]
BuildAssembler : warning : ShowMissingComponent: [M:LaunchDarkly.Client.User.#ctor(System.String,System.String,System.String,System.String,System.String,System.String,System.String,System.String,System.String,System.Nullable{System.Boolean},System.Collections.Immutable.ImmutableDictionary{System.String,LaunchDarkly.Client.LdValue},System.Collections.Immutable.ImmutableHashSet{System.String})] Missing &lt;param name=&quot;lastName&quot;/&gt; documentation [Y:\xamarin-client-sdk\docs\build\html\Working\BuildTopics.proj]
BuildAssembler : warning : ShowMissingComponent: [M:LaunchDarkly.Client.User.#ctor(System.String,System.String,System.String,System.String,System.String,System.String,System.String,System.String,System.String,System.Nullable{System.Boolean},System.Collections.Immutable.ImmutableDictionary{System.String,LaunchDarkly.Client.LdValue},System.Collections.Immutable.ImmutableHashSet{System.String})] Missing &lt;param name=&quot;name&quot;/&gt; documentation [Y:\xamarin-client-sdk\docs\build\html\Working\BuildTopics.proj]
BuildAssembler : warning : ShowMissingComponent: [M:LaunchDarkly.Client.User.#ctor(System.String,System.String,System.String,System.String,System.String,System.String,System.String,System.String,System.String,System.Nullable{System.Boolean},System.Collections.Immutable.ImmutableDictionary{System.String,LaunchDarkly.Client.LdValue},System.Collections.Immutable.ImmutableHashSet{System.String})] Missing &lt;param name=&quot;avatar&quot;/&gt; documentation [Y:\xamarin-client-sdk\docs\build\html\Working\BuildTopics.proj]
BuildAssembler : warning : ShowMissingComponent: [M:LaunchDarkly.Client.User.#ctor(System.String,System.String,System.String,System.String,System.String,System.String,System.String,System.String,System.String,System.Nullable{System.Boolean},System.Collections.Immutable.ImmutableDictionary{System.String,LaunchDarkly.Client.LdValue},System.Collections.Immutable.ImmutableHashSet{System.String})] Missing &lt;param name=&quot;email&quot;/&gt; documentation [Y:\xamarin-client-sdk\docs\build\html\Working\BuildTopics.proj]
BuildAssembler : warning : ShowMissingComponent: [M:LaunchDarkly.Client.User.#ctor(System.String,System.String,System.String,System.String,System.String,System.String,System.String,System.String,System.String,System.Nullable{System.Boolean},System.Collections.Immutable.ImmutableDictionary{System.String,LaunchDarkly.Client.LdValue},System.Collections.Immutable.ImmutableHashSet{System.String})] Missing &lt;param name=&quot;anonymous&quot;/&gt; documentation [Y:\xamarin-client-sdk\docs\build\html\Working\BuildTopics.proj]
BuildAssembler : warning : ShowMissingComponent: [M:LaunchDarkly.Client.User.#ctor(System.String,System.String,System.String,System.String,System.String,System.String,System.String,System.String,System.String,System.Nullable{System.Boolean},System.Collections.Immutable.ImmutableDictionary{System.String,LaunchDarkly.Client.LdValue},System.Collections.Immutable.ImmutableHashSet{System.String})] Missing &lt;param name=&quot;custom&quot;/&gt; documentation [Y:\xamarin-client-sdk\docs\build\html\Working\BuildTopics.proj]
BuildAssembler : warning : ShowMissingComponent: [M:LaunchDarkly.Client.User.#ctor(System.String,System.String,System.String,System.String,System.String,System.String,System.String,System.String,System.String,System.Nullable{System.Boolean},System.Collections.Immutable.ImmutableDictionary{System.String,LaunchDarkly.Client.LdValue},System.Collections.Immutable.ImmutableHashSet{System.String})] Missing &lt;param name=&quot;privateAttributeNames&quot;/&gt; documentation [Y:\xamarin-client-sdk\docs\build\html\Working\BuildTopics.proj]
BuildAssembler : warning : ShowMissingComponent: [M:LaunchDarkly.Client.User.Equals(LaunchDarkly.Client.User)] Missing &lt;param name=&quot;u&quot;/&gt; documentation [Y:\xamarin-client-sdk\docs\build\html\Working\BuildTopics.proj]
BuildAssembler : warning : ResolveReferenceLinksComponent: [M:LaunchDarkly.Xamarin.IConfigurationBuilder.AllAttributesPrivate(System.Boolean)] Unknown reference link target &#39;M:LaunchDarkly.Xamarin.ConfigurationBuilder.PrivateAttribute(System.String)&#39;. [Y:\xamarin-client-sdk\docs\build\html\Working\BuildTopics.proj]
BuildAssembler : warning : ResolveReferenceLinksComponent: [M:LaunchDarkly.Xamarin.IConfigurationBuilder.BackgroundPollingInterval(System.TimeSpan)] Unknown reference link target &#39;F:LaunchDarkly.Xamarin.Configuration.DefaultBackgroundPollingInterval&#39;. [Y:\xamarin-client-sdk\docs\build\html\Working\BuildTopics.proj]
BuildAssembler : warning : ResolveReferenceLinksComponent: [M:LaunchDarkly.Xamarin.IConfigurationBuilder.PrivateAttribute(System.String)] Unknown reference link target &#39;T:LaunchDarkly.Client.UserBuilder&#39;. [Y:\xamarin-client-sdk\docs\build\html\Working\BuildTopics.proj]
  Processed 314 topic(s)
  39 warning(s)
  CopyFromIndexComponent: &quot;reflection&quot; in-memory cache entries used: 5 of 15.
  CopyFromIndexComponent: &quot;comments&quot; in-memory cache entries used: 4 of 30.
Done Building Project &quot;Y:\xamarin-client-sdk\docs\build\html\Working\BuildTopics.proj&quot; (default targets).
    Last step completed in 00:00:06.9100
</buildStep>
<buildStep step="CombiningIntermediateTocFiles">
Combining conceptual and API intermediate TOC files...
    Last step completed in 00:00:00.0160
</buildStep>
<buildStep step="ExtractingHtmlInfo">
Extracting HTML info for HTML Help 1 and/or website...
[C:\Program Files (x86)\Microsoft Visual Studio\2017\Professional\MSBuild\15.0\bin\MSBuild.exe - ExtractHtmlInfo.proj]
Sandcastle Help File Builder and Tools, version 2019.6.24.0
Copyright c 2006-2019, Eric Woodruff, All Rights Reserved
E-Mail: Eric@EWoodruff.us

Using LCID &#39;1033&#39;, code page &#39;65001&#39;, encoding charset &#39;UTF-8&#39;.

Processing website files in Y:\xamarin-client-sdk\docs\build\html\Working\Output\Website
Processed 314 HTML files
Sorting keywords and generating See Also indices
Saving website keyword index to Y:\xamarin-client-sdk\docs\build\html\Working\WebKI.xml
Saving website table of contents to Y:\xamarin-client-sdk\docs\build\html\Working\WebTOC.xml
    Last step completed in 00:00:00.9200
</buildStep>
<buildStep step="CopyStandardHelpContent">
Copying standard help content...
C:\Program Files (x86)\EWSoftware\Sandcastle Help File Builder\PresentationStyles\VS2013\icons\AlertCaution.png -&gt; Y:\xamarin-client-sdk\docs\build\html\Working\Output\Website\icons\AlertCaution.png
C:\Program Files (x86)\EWSoftware\Sandcastle Help File Builder\PresentationStyles\VS2013\icons\AlertNote.png -&gt; Y:\xamarin-client-sdk\docs\build\html\Working\Output\Website\icons\AlertNote.png
C:\Program Files (x86)\EWSoftware\Sandcastle Help File Builder\PresentationStyles\VS2013\icons\AlertSecurity.png -&gt; Y:\xamarin-client-sdk\docs\build\html\Working\Output\Website\icons\AlertSecurity.png
C:\Program Files (x86)\EWSoftware\Sandcastle Help File Builder\PresentationStyles\VS2013\icons\CFW.gif -&gt; Y:\xamarin-client-sdk\docs\build\html\Working\Output\Website\icons\CFW.gif
C:\Program Files (x86)\EWSoftware\Sandcastle Help File Builder\PresentationStyles\VS2013\icons\CodeExample.png -&gt; Y:\xamarin-client-sdk\docs\build\html\Working\Output\Website\icons\CodeExample.png
C:\Program Files (x86)\EWSoftware\Sandcastle Help File Builder\PresentationStyles\VS2013\icons\favicon.ico -&gt; Y:\xamarin-client-sdk\docs\build\html\Working\Output\Website\icons\favicon.ico
C:\Program Files (x86)\EWSoftware\Sandcastle Help File Builder\PresentationStyles\VS2013\icons\privclass.gif -&gt; Y:\xamarin-client-sdk\docs\build\html\Working\Output\Website\icons\privclass.gif
C:\Program Files (x86)\EWSoftware\Sandcastle Help File Builder\PresentationStyles\VS2013\icons\privdelegate.gif -&gt; Y:\xamarin-client-sdk\docs\build\html\Working\Output\Website\icons\privdelegate.gif
C:\Program Files (x86)\EWSoftware\Sandcastle Help File Builder\PresentationStyles\VS2013\icons\privenumeration.gif -&gt; Y:\xamarin-client-sdk\docs\build\html\Working\Output\Website\icons\privenumeration.gif
C:\Program Files (x86)\EWSoftware\Sandcastle Help File Builder\PresentationStyles\VS2013\icons\privevent.gif -&gt; Y:\xamarin-client-sdk\docs\build\html\Working\Output\Website\icons\privevent.gif
C:\Program Files (x86)\EWSoftware\Sandcastle Help File Builder\PresentationStyles\VS2013\icons\privextension.gif -&gt; Y:\xamarin-client-sdk\docs\build\html\Working\Output\Website\icons\privextension.gif
C:\Program Files (x86)\EWSoftware\Sandcastle Help File Builder\PresentationStyles\VS2013\icons\privfield.gif -&gt; Y:\xamarin-client-sdk\docs\build\html\Working\Output\Website\icons\privfield.gif
C:\Program Files (x86)\EWSoftware\Sandcastle Help File Builder\PresentationStyles\VS2013\icons\privinterface.gif -&gt; Y:\xamarin-client-sdk\docs\build\html\Working\Output\Website\icons\privinterface.gif
C:\Program Files (x86)\EWSoftware\Sandcastle Help File Builder\PresentationStyles\VS2013\icons\privmethod.gif -&gt; Y:\xamarin-client-sdk\docs\build\html\Working\Output\Website\icons\privmethod.gif
C:\Program Files (x86)\EWSoftware\Sandcastle Help File Builder\PresentationStyles\VS2013\icons\privproperty.gif -&gt; Y:\xamarin-client-sdk\docs\build\html\Working\Output\Website\icons\privproperty.gif
C:\Program Files (x86)\EWSoftware\Sandcastle Help File Builder\PresentationStyles\VS2013\icons\privstructure.gif -&gt; Y:\xamarin-client-sdk\docs\build\html\Working\Output\Website\icons\privstructure.gif
C:\Program Files (x86)\EWSoftware\Sandcastle Help File Builder\PresentationStyles\VS2013\icons\protclass.gif -&gt; Y:\xamarin-client-sdk\docs\build\html\Working\Output\Website\icons\protclass.gif
C:\Program Files (x86)\EWSoftware\Sandcastle Help File Builder\PresentationStyles\VS2013\icons\protdelegate.gif -&gt; Y:\xamarin-client-sdk\docs\build\html\Working\Output\Website\icons\protdelegate.gif
C:\Program Files (x86)\EWSoftware\Sandcastle Help File Builder\PresentationStyles\VS2013\icons\protenumeration.gif -&gt; Y:\xamarin-client-sdk\docs\build\html\Working\Output\Website\icons\protenumeration.gif
C:\Program Files (x86)\EWSoftware\Sandcastle Help File Builder\PresentationStyles\VS2013\icons\protevent.gif -&gt; Y:\xamarin-client-sdk\docs\build\html\Working\Output\Website\icons\protevent.gif
C:\Program Files (x86)\EWSoftware\Sandcastle Help File Builder\PresentationStyles\VS2013\icons\protextension.gif -&gt; Y:\xamarin-client-sdk\docs\build\html\Working\Output\Website\icons\protextension.gif
C:\Program Files (x86)\EWSoftware\Sandcastle Help File Builder\PresentationStyles\VS2013\icons\protfield.gif -&gt; Y:\xamarin-client-sdk\docs\build\html\Working\Output\Website\icons\protfield.gif
C:\Program Files (x86)\EWSoftware\Sandcastle Help File Builder\PresentationStyles\VS2013\icons\protinterface.gif -&gt; Y:\xamarin-client-sdk\docs\build\html\Working\Output\Website\icons\protinterface.gif
C:\Program Files (x86)\EWSoftware\Sandcastle Help File Builder\PresentationStyles\VS2013\icons\protmethod.gif -&gt; Y:\xamarin-client-sdk\docs\build\html\Working\Output\Website\icons\protmethod.gif
C:\Program Files (x86)\EWSoftware\Sandcastle Help File Builder\PresentationStyles\VS2013\icons\protoperator.gif -&gt; Y:\xamarin-client-sdk\docs\build\html\Working\Output\Website\icons\protoperator.gif
C:\Program Files (x86)\EWSoftware\Sandcastle Help File Builder\PresentationStyles\VS2013\icons\protproperty.gif -&gt; Y:\xamarin-client-sdk\docs\build\html\Working\Output\Website\icons\protproperty.gif
C:\Program Files (x86)\EWSoftware\Sandcastle Help File Builder\PresentationStyles\VS2013\icons\protstructure.gif -&gt; Y:\xamarin-client-sdk\docs\build\html\Working\Output\Website\icons\protstructure.gif
C:\Program Files (x86)\EWSoftware\Sandcastle Help File Builder\PresentationStyles\VS2013\icons\pubclass.gif -&gt; Y:\xamarin-client-sdk\docs\build\html\Working\Output\Website\icons\pubclass.gif
C:\Program Files (x86)\EWSoftware\Sandcastle Help File Builder\PresentationStyles\VS2013\icons\pubdelegate.gif -&gt; Y:\xamarin-client-sdk\docs\build\html\Working\Output\Website\icons\pubdelegate.gif
C:\Program Files (x86)\EWSoftware\Sandcastle Help File Builder\PresentationStyles\VS2013\icons\pubenumeration.gif -&gt; Y:\xamarin-client-sdk\docs\build\html\Working\Output\Website\icons\pubenumeration.gif
C:\Program Files (x86)\EWSoftware\Sandcastle Help File Builder\PresentationStyles\VS2013\icons\pubevent.gif -&gt; Y:\xamarin-client-sdk\docs\build\html\Working\Output\Website\icons\pubevent.gif
C:\Program Files (x86)\EWSoftware\Sandcastle Help File Builder\PresentationStyles\VS2013\icons\pubextension.gif -&gt; Y:\xamarin-client-sdk\docs\build\html\Working\Output\Website\icons\pubextension.gif
C:\Program Files (x86)\EWSoftware\Sandcastle Help File Builder\PresentationStyles\VS2013\icons\pubfield.gif -&gt; Y:\xamarin-client-sdk\docs\build\html\Working\Output\Website\icons\pubfield.gif
C:\Program Files (x86)\EWSoftware\Sandcastle Help File Builder\PresentationStyles\VS2013\icons\pubinterface.gif -&gt; Y:\xamarin-client-sdk\docs\build\html\Working\Output\Website\icons\pubinterface.gif
C:\Program Files (x86)\EWSoftware\Sandcastle Help File Builder\PresentationStyles\VS2013\icons\pubmethod.gif -&gt; Y:\xamarin-client-sdk\docs\build\html\Working\Output\Website\icons\pubmethod.gif
C:\Program Files (x86)\EWSoftware\Sandcastle Help File Builder\PresentationStyles\VS2013\icons\puboperator.gif -&gt; Y:\xamarin-client-sdk\docs\build\html\Working\Output\Website\icons\puboperator.gif
C:\Program Files (x86)\EWSoftware\Sandcastle Help File Builder\PresentationStyles\VS2013\icons\pubproperty.gif -&gt; Y:\xamarin-client-sdk\docs\build\html\Working\Output\Website\icons\pubproperty.gif
C:\Program Files (x86)\EWSoftware\Sandcastle Help File Builder\PresentationStyles\VS2013\icons\pubstructure.gif -&gt; Y:\xamarin-client-sdk\docs\build\html\Working\Output\Website\icons\pubstructure.gif
C:\Program Files (x86)\EWSoftware\Sandcastle Help File Builder\PresentationStyles\VS2013\icons\SectionCollapsed.png -&gt; Y:\xamarin-client-sdk\docs\build\html\Working\Output\Website\icons\SectionCollapsed.png
C:\Program Files (x86)\EWSoftware\Sandcastle Help File Builder\PresentationStyles\VS2013\icons\SectionExpanded.png -&gt; Y:\xamarin-client-sdk\docs\build\html\Working\Output\Website\icons\SectionExpanded.png
C:\Program Files (x86)\EWSoftware\Sandcastle Help File Builder\PresentationStyles\VS2013\icons\slMobile.gif -&gt; Y:\xamarin-client-sdk\docs\build\html\Working\Output\Website\icons\slMobile.gif
C:\Program Files (x86)\EWSoftware\Sandcastle Help File Builder\PresentationStyles\VS2013\icons\static.gif -&gt; Y:\xamarin-client-sdk\docs\build\html\Working\Output\Website\icons\static.gif
C:\Program Files (x86)\EWSoftware\Sandcastle Help File Builder\PresentationStyles\VS2013\icons\xna.gif -&gt; Y:\xamarin-client-sdk\docs\build\html\Working\Output\Website\icons\xna.gif
C:\Program Files (x86)\EWSoftware\Sandcastle Help File Builder\PresentationStyles\VS2013\scripts\branding.js -&gt; Y:\xamarin-client-sdk\docs\build\html\Working\Output\Website\scripts\branding.js
C:\Program Files (x86)\EWSoftware\Sandcastle Help File Builder\PresentationStyles\VS2013\styles\branding-cs-CZ.css -&gt; Y:\xamarin-client-sdk\docs\build\html\Working\Output\Website\styles\branding-cs-CZ.css
C:\Program Files (x86)\EWSoftware\Sandcastle Help File Builder\PresentationStyles\VS2013\styles\branding-de-DE.css -&gt; Y:\xamarin-client-sdk\docs\build\html\Working\Output\Website\styles\branding-de-DE.css
C:\Program Files (x86)\EWSoftware\Sandcastle Help File Builder\PresentationStyles\VS2013\styles\branding-en-US.css -&gt; Y:\xamarin-client-sdk\docs\build\html\Working\Output\Website\styles\branding-en-US.css
C:\Program Files (x86)\EWSoftware\Sandcastle Help File Builder\PresentationStyles\VS2013\styles\branding-es-ES.css -&gt; Y:\xamarin-client-sdk\docs\build\html\Working\Output\Website\styles\branding-es-ES.css
C:\Program Files (x86)\EWSoftware\Sandcastle Help File Builder\PresentationStyles\VS2013\styles\branding-fr-FR.css -&gt; Y:\xamarin-client-sdk\docs\build\html\Working\Output\Website\styles\branding-fr-FR.css
C:\Program Files (x86)\EWSoftware\Sandcastle Help File Builder\PresentationStyles\VS2013\styles\branding-Help1.css -&gt; Y:\xamarin-client-sdk\docs\build\html\Working\Output\Website\styles\branding-Help1.css
C:\Program Files (x86)\EWSoftware\Sandcastle Help File Builder\PresentationStyles\VS2013\styles\branding-HelpViewer.css -&gt; Y:\xamarin-client-sdk\docs\build\html\Working\Output\Website\styles\branding-HelpViewer.css
C:\Program Files (x86)\EWSoftware\Sandcastle Help File Builder\PresentationStyles\VS2013\styles\branding-it-IT.css -&gt; Y:\xamarin-client-sdk\docs\build\html\Working\Output\Website\styles\branding-it-IT.css
C:\Program Files (x86)\EWSoftware\Sandcastle Help File Builder\PresentationStyles\VS2013\styles\branding-ja-JP.css -&gt; Y:\xamarin-client-sdk\docs\build\html\Working\Output\Website\styles\branding-ja-JP.css
C:\Program Files (x86)\EWSoftware\Sandcastle Help File Builder\PresentationStyles\VS2013\styles\branding-ko-KR.css -&gt; Y:\xamarin-client-sdk\docs\build\html\Working\Output\Website\styles\branding-ko-KR.css
C:\Program Files (x86)\EWSoftware\Sandcastle Help File Builder\PresentationStyles\VS2013\styles\branding-pl-PL.css -&gt; Y:\xamarin-client-sdk\docs\build\html\Working\Output\Website\styles\branding-pl-PL.css
C:\Program Files (x86)\EWSoftware\Sandcastle Help File Builder\PresentationStyles\VS2013\styles\branding-pt-BR.css -&gt; Y:\xamarin-client-sdk\docs\build\html\Working\Output\Website\styles\branding-pt-BR.css
C:\Program Files (x86)\EWSoftware\Sandcastle Help File Builder\PresentationStyles\VS2013\styles\branding-ru-RU.css -&gt; Y:\xamarin-client-sdk\docs\build\html\Working\Output\Website\styles\branding-ru-RU.css
C:\Program Files (x86)\EWSoftware\Sandcastle Help File Builder\PresentationStyles\VS2013\styles\branding-tr-TR.css -&gt; Y:\xamarin-client-sdk\docs\build\html\Working\Output\Website\styles\branding-tr-TR.css
C:\Program Files (x86)\EWSoftware\Sandcastle Help File Builder\PresentationStyles\VS2013\styles\branding-Website.css -&gt; Y:\xamarin-client-sdk\docs\build\html\Working\Output\Website\styles\branding-Website.css
C:\Program Files (x86)\EWSoftware\Sandcastle Help File Builder\PresentationStyles\VS2013\styles\branding-zh-CN.css -&gt; Y:\xamarin-client-sdk\docs\build\html\Working\Output\Website\styles\branding-zh-CN.css
C:\Program Files (x86)\EWSoftware\Sandcastle Help File Builder\PresentationStyles\VS2013\styles\branding-zh-TW.css -&gt; Y:\xamarin-client-sdk\docs\build\html\Working\Output\Website\styles\branding-zh-TW.css
C:\Program Files (x86)\EWSoftware\Sandcastle Help File Builder\PresentationStyles\VS2013\styles\branding.css -&gt; Y:\xamarin-client-sdk\docs\build\html\Working\Output\Website\styles\branding.css
C:\Program Files (x86)\EWSoftware\Sandcastle Help File Builder\PresentationStyles\VS2013\Web\index.html -&gt; Y:\xamarin-client-sdk\docs\build\html\Working\Output\Website\index.html
C:\Program Files (x86)\EWSoftware\Sandcastle Help File Builder\PresentationStyles\VS2013\Web\search.html -&gt; Y:\xamarin-client-sdk\docs\build\html\Working\Output\Website\search.html
C:\Program Files (x86)\EWSoftware\Sandcastle Help File Builder\PresentationStyles\VS2013\Web\SearchHelp.aspx -&gt; Y:\xamarin-client-sdk\docs\build\html\Working\Output\Website\SearchHelp.aspx
C:\Program Files (x86)\EWSoftware\Sandcastle Help File Builder\PresentationStyles\VS2013\Web\SearchHelp.inc.php -&gt; Y:\xamarin-client-sdk\docs\build\html\Working\Output\Website\SearchHelp.inc.php
C:\Program Files (x86)\EWSoftware\Sandcastle Help File Builder\PresentationStyles\VS2013\Web\SearchHelp.php -&gt; Y:\xamarin-client-sdk\docs\build\html\Working\Output\Website\SearchHelp.php
C:\Program Files (x86)\EWSoftware\Sandcastle Help File Builder\PresentationStyles\VS2013\Web\Web.Config -&gt; Y:\xamarin-client-sdk\docs\build\html\Working\Output\Website\Web.Config
C:\Program Files (x86)\EWSoftware\Sandcastle Help File Builder\PresentationStyles\VS2013\Web\html\GeneralError.htm -&gt; Y:\xamarin-client-sdk\docs\build\html\Working\Output\Website\html\GeneralError.htm
C:\Program Files (x86)\EWSoftware\Sandcastle Help File Builder\PresentationStyles\VS2013\Web\html\PageNotFound.htm -&gt; Y:\xamarin-client-sdk\docs\build\html\Working\Output\Website\html\PageNotFound.htm
C:\Program Files (x86)\EWSoftware\Sandcastle Help File Builder\PresentationStyles\VS2013\Web\icons\Search.png -&gt; Y:\xamarin-client-sdk\docs\build\html\Working\Output\Website\icons\Search.png
C:\Program Files (x86)\EWSoftware\Sandcastle Help File Builder\PresentationStyles\VS2013\Web\icons\TocClose.gif -&gt; Y:\xamarin-client-sdk\docs\build\html\Working\Output\Website\icons\TocClose.gif
C:\Program Files (x86)\EWSoftware\Sandcastle Help File Builder\PresentationStyles\VS2013\Web\icons\TocCollapsed.gif -&gt; Y:\xamarin-client-sdk\docs\build\html\Working\Output\Website\icons\TocCollapsed.gif
C:\Program Files (x86)\EWSoftware\Sandcastle Help File Builder\PresentationStyles\VS2013\Web\icons\TocExpanded.gif -&gt; Y:\xamarin-client-sdk\docs\build\html\Working\Output\Website\icons\TocExpanded.gif
C:\Program Files (x86)\EWSoftware\Sandcastle Help File Builder\PresentationStyles\VS2013\Web\icons\TocOpen.gif -&gt; Y:\xamarin-client-sdk\docs\build\html\Working\Output\Website\icons\TocOpen.gif
C:\Program Files (x86)\EWSoftware\Sandcastle Help File Builder\PresentationStyles\VS2013\Web\scripts\branding-Website.js -&gt; Y:\xamarin-client-sdk\docs\build\html\Working\Output\Website\scripts\branding-Website.js
C:\Program Files (x86)\EWSoftware\Sandcastle Help File Builder\PresentationStyles\VS2013\Web\scripts\clipboard.min.js -&gt; Y:\xamarin-client-sdk\docs\build\html\Working\Output\Website\scripts\clipboard.min.js
C:\Program Files (x86)\EWSoftware\Sandcastle Help File Builder\PresentationStyles\VS2013\Web\scripts\jquery-3.3.1.min.js -&gt; Y:\xamarin-client-sdk\docs\build\html\Working\Output\Website\scripts\jquery-3.3.1.min.js
    Last step completed in 00:00:00.6530
</buildStep>
<buildStep step="GenerateHelpFormatTableOfContents">
Generating website table of contents file...
    Last step completed in 00:00:00.0021
</buildStep>
<buildStep step="GenerateFullTextIndex">
Generating full-text index for the website...

<plugIn name="Lightweight Website Style" behavior="After" priority="1000">
Adding lightweight search and TOC elements to each topic...
</plugIn>    Last step completed in 00:00:01.0880
</buildStep>
<buildStep step="CopyingWebsiteFiles">
Copying website files to output folder...

Copied 478 files for the website content
    Last step completed in 00:00:05.3581
</buildStep>
<buildStep step="CleanIntermediates">
Removing intermediate files...
    Last step completed in 00:00:01.0110
</buildStep>
<buildStep step="Completed">

Build completed successfully at 9/13/2019 6:14:37 PM.  Total time: 00:00:22.0090

</buildStep>
</shfbBuild>
